INFO-FLOW: Workspace D:/Aeld_data/IP_Creation/Linear-regression-on-SOC/Linear-regression-on-SOC/solution1 opened at Tue Jan 09 23:43:51 +0530 2024
Execute     config_clock -quiet -name default -period 10 -default=false 
INFO: [SYN 201-201] Setting up clock 'default' with a period of 10ns.
Execute     config_clock -quiet -name default -uncertainty 1.25 
INFO: [SYN 201-201] Setting up clock 'default' with an uncertainty of 1.25ns.
Execute     open_platform DefaultPlatform 
Execute     import_lib D:/Xilinx/Vivado/2019.1/common/technology/xilinx/zynq/zynq 
Execute       source D:/Xilinx/Vivado/2019.1/common/technology/xilinx/common/xilinx.lib 
Execute         source D:/Xilinx/Vivado/2019.1/common/technology/xilinx/interface/xilinx_interface.lib 
Execute           source D:/Xilinx/Vivado/2019.1/common/technology/xilinx/interface/plb46.lib 
Execute           source D:/Xilinx/Vivado/2019.1/common/technology/xilinx/interface/fsl.lib 
Execute           source D:/Xilinx/Vivado/2019.1/common/technology/xilinx/interface/axi4.lib 
Execute           source D:/Xilinx/Vivado/2019.1/common/technology/xilinx/interface/maxi.lib 
Execute           source D:/Xilinx/Vivado/2019.1/common/technology/xilinx/interface/saxilite.lib 
Execute         source D:/Xilinx/Vivado/2019.1/common/technology/xilinx/common/dsp48.lib 
Execute         source D:/Xilinx/Vivado/2019.1/common/technology/xilinx/ip/dds_compiler.lib 
Execute         source D:/Xilinx/Vivado/2019.1/common/technology/xilinx/ip/xfft.lib 
Execute         source D:/Xilinx/Vivado/2019.1/common/technology/xilinx/ip/xfir.lib 
Execute       source D:/Xilinx/Vivado/2019.1/common/technology/xilinx/common/xilinx.hlp 
Execute         source D:/Xilinx/Vivado/2019.1/common/technology/xilinx/common/target_info.tcl 
Execute         source D:/Xilinx/Vivado/2019.1/common/technology/xilinx/interface/xilinx_interface.hlp 
Execute           source D:/Xilinx/Vivado/2019.1/common/technology/xilinx/interface/maxi.hlp 
Execute           source D:/Xilinx/Vivado/2019.1/common/technology/xilinx/interface/saxilite.hlp 
Execute         source D:/Xilinx/Vivado/2019.1/common/technology/xilinx/common/dsp48.hlp 
Execute       source D:/Xilinx/Vivado/2019.1/common/technology/xilinx/zynq/dsp48e1.hlp 
Execute       source D:/Xilinx/Vivado/2019.1/common/technology/xilinx/common/xilinx.hlp 
Execute         source D:/Xilinx/Vivado/2019.1/common/technology/xilinx/common/target_info.tcl 
Execute         source D:/Xilinx/Vivado/2019.1/common/technology/xilinx/interface/xilinx_interface.hlp 
Execute           source D:/Xilinx/Vivado/2019.1/common/technology/xilinx/interface/maxi.hlp 
Execute           source D:/Xilinx/Vivado/2019.1/common/technology/xilinx/interface/saxilite.hlp 
Execute         source D:/Xilinx/Vivado/2019.1/common/technology/xilinx/common/dsp48.hlp 
Execute     source D:/Xilinx/Vivado/2019.1/common/technology/xilinx/zynq/zynq.gen 
Execute       source D:/Xilinx/Vivado/2019.1/common/technology/xilinx/common/xilinx.gen 
Execute         source D:/Xilinx/Vivado/2019.1/common/technology/xilinx/interface/plb46.gen 
Execute         source D:/Xilinx/Vivado/2019.1/common/technology/xilinx/interface/fsl.gen 
Execute         source D:/Xilinx/Vivado/2019.1/common/technology/xilinx/interface/axi4.gen 
Execute         source D:/Xilinx/Vivado/2019.1/common/technology/xilinx/interface/nativeAXI4.gen 
Execute           source D:/Xilinx/Vivado/2019.1/common/technology/xilinx/interface/saxilite.gen 
Execute           source D:/Xilinx/Vivado/2019.1/common/technology/xilinx/interface/maxi.gen 
Execute         source D:/Xilinx/Vivado/2019.1/common/technology/xilinx/scripts/xilinxcoregen.gen 
Execute         source D:/Xilinx/Vivado/2019.1/common/technology/xilinx/interface/XilEDKCoreGen.gen 
Execute         source D:/Xilinx/Vivado/2019.1/common/technology/xilinx/ip/dds_compiler.gen 
Execute         source D:/Xilinx/Vivado/2019.1/common/technology/xilinx/ip/util.gen 
Execute         source D:/Xilinx/Vivado/2019.1/common/technology/xilinx/ip/xfft.gen 
Execute         source D:/Xilinx/Vivado/2019.1/common/technology/xilinx/ip/xfir.gen 
Execute         source D:/Xilinx/Vivado/2019.1/common/technology/xilinx/common/dsp48.gen 
Command       ap_source done; 0.141 sec.
Command     ap_source done; 0.141 sec.
Execute     open_platform DefaultPlatform 
Execute     import_lib D:/Xilinx/Vivado/2019.1/common/technology/xilinx/zynq/zynq_fpv6 
Execute       source D:/Xilinx/Vivado/2019.1/common/technology/xilinx/common/xilinx_fp.lib 
Execute       source D:/Xilinx/Vivado/2019.1/common/technology/xilinx/common/xilinx_fp.hlp 
Execute         source D:/Xilinx/Vivado/2019.1/common/technology/xilinx/common/xilinx.hlp 
Execute           source D:/Xilinx/Vivado/2019.1/common/technology/xilinx/common/target_info.tcl 
Execute           source D:/Xilinx/Vivado/2019.1/common/technology/xilinx/interface/xilinx_interface.hlp 
Execute             source D:/Xilinx/Vivado/2019.1/common/technology/xilinx/interface/maxi.hlp 
Execute             source D:/Xilinx/Vivado/2019.1/common/technology/xilinx/interface/saxilite.hlp 
Execute           source D:/Xilinx/Vivado/2019.1/common/technology/xilinx/common/dsp48.hlp 
Execute     source D:/Xilinx/Vivado/2019.1/common/technology/xilinx/zynq/zynq_fpv6.gen 
Execute       source D:/Xilinx/Vivado/2019.1/common/technology/xilinx/common/xilinx_fp.gen 
Execute     set_part xc7z020-clg484-1 
Execute       ap_part_info -name xc7z020-clg484-1 -data single -quiet 
Command       ap_part_info done; 0.687 sec.
Execute       ap_part_info -name xc7z020-clg484-1 -data info 
Execute       add_library xilinx/zynq/zynq:xc7z020:-clg484:-1 
Execute         get_default_platform 
Execute         license_isbetapart xc7z020 
Command         license_isbetapart done; error code: 1; 
Execute         ap_part_info -data single -name xc7z020-clg484-1 
Execute         ap_part_info -name xc7z020-clg484-1 -data resources 
Execute         ap_part_info -name xc7z020-clg484-1 -data info 
Execute         ap_part_info -name xc7z020-clg484-1 -data info 
Execute         config_chip_info -quiet -resource {SLICE 13300} {LUT 53200} {FF 106400} {DSP48E 220} {BRAM 280} {URAM 0} 
Execute         ap_part_info -name xc7z020-clg484-1 -data info 
Execute         config_chip_info -quiet -speed slow 
Execute       add_library xilinx/zynq/zynq_fpv6 
Execute         get_default_platform 
Execute         open_platform DefaultPlatform 
Execute         import_lib D:/Xilinx/Vivado/2019.1/common/technology/xilinx/zynq/zynq_fpv6 
Execute           source D:/Xilinx/Vivado/2019.1/common/technology/xilinx/common/xilinx_fp.lib 
Execute           source D:/Xilinx/Vivado/2019.1/common/technology/xilinx/common/xilinx_fp.hlp 
Execute             source D:/Xilinx/Vivado/2019.1/common/technology/xilinx/common/xilinx.hlp 
Execute               source D:/Xilinx/Vivado/2019.1/common/technology/xilinx/common/target_info.tcl 
Execute               source D:/Xilinx/Vivado/2019.1/common/technology/xilinx/interface/xilinx_interface.hlp 
Execute                 source D:/Xilinx/Vivado/2019.1/common/technology/xilinx/interface/maxi.hlp 
Execute                 source D:/Xilinx/Vivado/2019.1/common/technology/xilinx/interface/saxilite.hlp 
Execute               source D:/Xilinx/Vivado/2019.1/common/technology/xilinx/common/dsp48.hlp 
Execute         source D:/Xilinx/Vivado/2019.1/common/technology/xilinx/zynq/zynq_fpv6.gen 
Execute           source D:/Xilinx/Vivado/2019.1/common/technology/xilinx/common/xilinx_fp.gen 
INFO: [HLS 200-10] Setting target device to 'xc7z020-clg484-1'
Execute       ap_part_info -name xc7z020-clg484-1 -data info 
Execute       get_default_platform 
Command     set_part done; 0.812 sec.
Execute     ap_part_info -data single -name xc7z020-clg484-1 
Execute     ap_part_info -name xc7z020-clg484-1 -data resources 
Execute     ap_part_info -name xc7z020-clg484-1 -data info 
Execute     ap_part_info -name xc7z020-clg484-1 -data info 
Execute     config_chip_info -quiet -resource {SLICE 13300} {LUT 53200} {FF 106400} {DSP48E 220} {BRAM 280} {URAM 0} 
Execute     ap_part_info -name xc7z020-clg484-1 -data info 
Execute     config_chip_info -quiet -speed slow 
Command   open_solution done; 1.008 sec.
Execute   set_part xc7z020clg484-1 -tool vivado 
Execute     ap_part_info -name xc7z020clg484-1 -data single -quiet 
Execute     ap_part_info -name xc7z020clg484-1 -data info 
Execute     add_library xilinx/zynq/zynq:xc7z020:-clg484:-1 
Execute       get_default_platform 
Execute       license_isbetapart xc7z020 
Command       license_isbetapart done; error code: 1; 
Execute       ap_part_info -data single -name xc7z020-clg484-1 
Execute       ap_part_info -name xc7z020-clg484-1 -data resources 
Execute       ap_part_info -name xc7z020-clg484-1 -data info 
Execute       ap_part_info -name xc7z020-clg484-1 -data info 
Execute       config_chip_info -quiet -resource {SLICE 13300} {LUT 53200} {FF 106400} {DSP48E 220} {BRAM 280} {URAM 0} 
Execute       ap_part_info -name xc7z020-clg484-1 -data info 
Execute       config_chip_info -quiet -speed slow 
Execute     add_library xilinx/zynq/zynq_fpv6 
Execute       get_default_platform 
Execute       open_platform DefaultPlatform 
Execute       import_lib D:/Xilinx/Vivado/2019.1/common/technology/xilinx/zynq/zynq_fpv6 
Execute         source D:/Xilinx/Vivado/2019.1/common/technology/xilinx/common/xilinx_fp.lib 
Execute         source D:/Xilinx/Vivado/2019.1/common/technology/xilinx/common/xilinx_fp.hlp 
Execute           source D:/Xilinx/Vivado/2019.1/common/technology/xilinx/common/xilinx.hlp 
Execute             source D:/Xilinx/Vivado/2019.1/common/technology/xilinx/common/target_info.tcl 
Execute             source D:/Xilinx/Vivado/2019.1/common/technology/xilinx/interface/xilinx_interface.hlp 
Execute               source D:/Xilinx/Vivado/2019.1/common/technology/xilinx/interface/maxi.hlp 
Execute               source D:/Xilinx/Vivado/2019.1/common/technology/xilinx/interface/saxilite.hlp 
Execute             source D:/Xilinx/Vivado/2019.1/common/technology/xilinx/common/dsp48.hlp 
Execute       source D:/Xilinx/Vivado/2019.1/common/technology/xilinx/zynq/zynq_fpv6.gen 
Execute         source D:/Xilinx/Vivado/2019.1/common/technology/xilinx/common/xilinx_fp.gen 
Execute     ap_part_info -name xc7z020-clg484-1 -data info 
Execute     get_default_platform 
Command   set_part done; 0.116 sec.
Execute   create_clock -period 10 -name default 
Execute   set_clock_uncertainty 1.25 
Execute   csynth_design 
Execute     get_config_compile -dump_cfg 
Execute     get_config_compile -effort 
Execute     get_config_compile -enable_clang39 
Execute     get_config_compile -g 
Execute     get_config_compile -ng 
Execute     get_config_compile -opt_fp 
Execute     get_config_compile -skip_cdt 
Execute     get_config_compile -skip_syncheck 
Execute     get_config_compile -skip_transform 
Execute     get_config_compile -keep_printf 
Execute     elaborate -effort=medium -skip_syncheck=0 -keep_printf=0 -skip_cdt=0 -skip_transform=0 -ng=0 -g=0 -opt_fp=0 -from_csynth_design=1 
Execute       get_config_schedule -relax_ii_for_timing 
INFO: [SCHED 204-61] Option 'relax_ii_for_timing' is enabled, will increase II to preserve clock frequency constraints.
Execute       get_config_schedule -suppress_dependence_error_break 
INFO: [HLS 200-10] Analyzing design file 'Linear-regression-on-SOC/source.cpp' ... 
INFO-FLOW: Compiling one TU...
Execute       is_m_axi_addr64 
INFO-FLOW: Handling Linear-regression-on-SOC/source.cpp as C++
Execute       ap_part_info -name xc7z020-clg484-1 -data info 
Execute       is_encrypted Linear-regression-on-SOC/source.cpp 
Execute       ap_part_info -name xc7z020-clg484-1 -data info 
INFO-FLOW: Running: GCC PP
INFO-FLOW: Source preprocessing
Execute       clang  -fno-limit-debug-info -gcc-toolchain "D:/Xilinx/Vivado/2019.1/msys" -hls  -fno-exceptions  -D__llvm__  -E "Linear-regression-on-SOC/source.cpp"     -fno-math-errno -c -emit-llvm -O0  -mllvm -disable-llvm-optzns -fno-threadsafe-statics  -fno-use-cxa-atexit  -fno-threadsafe-statics -fno-use-cxa-atexit -D__CLANG_3_1__ -D__cdecl= -DAESL_SYN -D__SYNTHESIS__ -D__HLS_SYN__ -I "D:/Xilinx/Vivado/2019.1/common/technology/autopilot" -I "D:/Xilinx/Vivado/2019.1/common/technology/autopilot/ap_sysc" -include etc/autopilot_ssdm_op.h -D__DSP48E1__  -o "D:/Aeld_data/IP_Creation/Linear-regression-on-SOC/Linear-regression-on-SOC/solution1/.autopilot/db/source.pp.0.cpp" 
INFO-FLOW: exec D:/Xilinx/Vivado/2019.1/win64/tools/clang/bin/clang -fno-limit-debug-info -gcc-toolchain D:/Xilinx/Vivado/2019.1/msys -hls -fno-exceptions -D__llvm__ -E Linear-regression-on-SOC/source.cpp -fno-math-errno -c -emit-llvm -O0 -mllvm -disable-llvm-optzns -fno-threadsafe-statics -fno-use-cxa-atexit -fno-threadsafe-statics -fno-use-cxa-atexit -D__CLANG_3_1__ -D__cdecl= -DAESL_SYN -D__SYNTHESIS__ -D__HLS_SYN__ -I D:/Xilinx/Vivado/2019.1/common/technology/autopilot -I D:/Xilinx/Vivado/2019.1/common/technology/autopilot/ap_sysc -include etc/autopilot_ssdm_op.h -D__DSP48E1__ -o D:/Aeld_data/IP_Creation/Linear-regression-on-SOC/Linear-regression-on-SOC/solution1/.autopilot/db/source.pp.0.cpp
Command       clang done; 3.863 sec.
Execute       tidy_31 xilinx-xfmat-array-geometry D:/Aeld_data/IP_Creation/Linear-regression-on-SOC/Linear-regression-on-SOC/solution1/.autopilot/db/source.pp.0.cpp std=gnu++98 
INFO-FLOW: exec D:/Xilinx/Vivado/2019.1/win64/tools/clang-3.9-csynth/bin/tidy-3.1 -header-filter=.* -checks=-*,xilinx-xfmat-array-geometry -quiet -fix D:/Aeld_data/IP_Creation/Linear-regression-on-SOC/Linear-regression-on-SOC/solution1/.autopilot/db/source.pp.0.cpp -- -std=gnu++98 -fhls -ferror-limit=0
Command       tidy_31 done; 1.575 sec.
INFO-FLOW: Syntax Checking before pre-processing...
Execute       clang -syntaxcheck -src D:/Aeld_data/IP_Creation/Linear-regression-on-SOC/Linear-regression-on-SOC/solution1/.autopilot/db/source.pp.0.cpp  -fno-limit-debug-info -gcc-toolchain "D:/Xilinx/Vivado/2019.1/msys" -hls    -fno-math-errno -c -emit-llvm -O0  -mllvm -disable-llvm-optzns -fno-threadsafe-statics  -fno-use-cxa-atexit  -fno-threadsafe-statics -fno-use-cxa-atexit -D__CLANG_3_1__ -D__cdecl= -DAESL_SYN -D__SYNTHESIS__ -D__HLS_SYN__ -I "D:/Xilinx/Vivado/2019.1/common/technology/autopilot" -I "D:/Xilinx/Vivado/2019.1/common/technology/autopilot/ap_sysc" -include etc/autopilot_ssdm_op.h -D__DSP48E1__  "D:/Aeld_data/IP_Creation/Linear-regression-on-SOC/Linear-regression-on-SOC/solution1/.autopilot/db/source.pp.0.cpp"  -o "D:/Aeld_data/IP_Creation/Linear-regression-on-SOC/Linear-regression-on-SOC/solution1/.autopilot/db/useless.bc"  
INFO-FLOW: exec D:/Xilinx/Vivado/2019.1/win64/tools/clang/bin/clang -fno-limit-debug-info -gcc-toolchain D:/Xilinx/Vivado/2019.1/msys -hls -fno-math-errno -c -emit-llvm -O0 -mllvm -disable-llvm-optzns -fno-threadsafe-statics -fno-use-cxa-atexit -fno-threadsafe-statics -fno-use-cxa-atexit -D__CLANG_3_1__ -D__cdecl= -DAESL_SYN -D__SYNTHESIS__ -D__HLS_SYN__ -I D:/Xilinx/Vivado/2019.1/common/technology/autopilot -I D:/Xilinx/Vivado/2019.1/common/technology/autopilot/ap_sysc -include etc/autopilot_ssdm_op.h -D__DSP48E1__ D:/Aeld_data/IP_Creation/Linear-regression-on-SOC/Linear-regression-on-SOC/solution1/.autopilot/db/source.pp.0.cpp -o D:/Aeld_data/IP_Creation/Linear-regression-on-SOC/Linear-regression-on-SOC/solution1/.autopilot/db/useless.bc
Command       clang done; 4.153 sec.
INFO-FLOW: Done: GCC PP time: 9.6 seconds per iteration
Execute       source D:/Xilinx/Vivado/2019.1/tps/tcl/tcllib1.11.1/yaml/huddle.tcl 
Command       ap_source done; 0.159 sec.
Execute       source D:/Xilinx/Vivado/2019.1/tps/tcl/tcllib1.11.1/yaml/json2huddle.tcl 
Execute         source D:/Xilinx/Vivado/2019.1/tps/tcl/tcllib1.11.1/try/try.tcl 
Command       ap_source done; 0.111 sec.
Execute       list_core -type functional_unit 
Execute       tidy_31 xilinx-systemc-detector D:/Aeld_data/IP_Creation/Linear-regression-on-SOC/Linear-regression-on-SOC/solution1/.autopilot/db/source.pp.0.cpp std=gnu++98 -directive=D:/Aeld_data/IP_Creation/Linear-regression-on-SOC/Linear-regression-on-SOC/solution1/.autopilot/db/.systemc_flag 
INFO-FLOW: exec D:/Xilinx/Vivado/2019.1/win64/tools/clang-3.9-csynth/bin/tidy-3.1 -header-filter=.* -checks=-*,xilinx-systemc-detector -import-directive=D:/Aeld_data/IP_Creation/Linear-regression-on-SOC/Linear-regression-on-SOC/solution1/.autopilot/db/.systemc_flag -quiet -fix-errors D:/Aeld_data/IP_Creation/Linear-regression-on-SOC/Linear-regression-on-SOC/solution1/.autopilot/db/source.pp.0.cpp -- -std=gnu++98 -fhls -ferror-limit=0
Command       tidy_31 done; 2.379 sec.
INFO-FLOW: Running: tidy-3.1 CDT preprocess
Execute       tidy_31 xilinx-directive2pragma D:/Aeld_data/IP_Creation/Linear-regression-on-SOC/Linear-regression-on-SOC/solution1/.autopilot/db/source.pp.0.cpp std=gnu++98 -directive=D:/Aeld_data/IP_Creation/Linear-regression-on-SOC/Linear-regression-on-SOC/solution1/.autopilot/db/all.directive.json 
INFO-FLOW: exec D:/Xilinx/Vivado/2019.1/win64/tools/clang-3.9-csynth/bin/tidy-3.1 -header-filter=.* -checks=-*,xilinx-directive2pragma -import-directive=D:/Aeld_data/IP_Creation/Linear-regression-on-SOC/Linear-regression-on-SOC/solution1/.autopilot/db/all.directive.json -quiet -fix-errors D:/Aeld_data/IP_Creation/Linear-regression-on-SOC/Linear-regression-on-SOC/solution1/.autopilot/db/source.pp.0.cpp -- -std=gnu++98 -fhls -ferror-limit=0
Command       tidy_31 done; 1.397 sec.
Execute       get_config_dataflow -strict_mode 
Execute       ap_eval exec -ignorestderr D:/Xilinx/Vivado/2019.1/win64/tools/clang-3.9-csynth/bin/xilinx-dataflow-lawyer -export-fixes=D:/Aeld_data/IP_Creation/Linear-regression-on-SOC/Linear-regression-on-SOC/solution1/.autopilot/db/xilinx-dataflow-lawyer.source.pp.0.cpp.diag.yml D:/Aeld_data/IP_Creation/Linear-regression-on-SOC/Linear-regression-on-SOC/solution1/.autopilot/db/source.pp.0.cpp -- -std=gnu++98 -fhls -ferror-limit=0 -fstrict-dataflow > D:/Aeld_data/IP_Creation/Linear-regression-on-SOC/Linear-regression-on-SOC/solution1/.autopilot/db/xilinx-dataflow-lawyer.source.pp.0.cpp.out.log 2> D:/Aeld_data/IP_Creation/Linear-regression-on-SOC/Linear-regression-on-SOC/solution1/.autopilot/db/xilinx-dataflow-lawyer.source.pp.0.cpp.err.log 
Command       ap_eval done; 2.13 sec.
Execute       tidy_31 -errorcheck xilinx-constantarray-param,xilinx-resource-pragma-transformer,xilinx-xfmat-array-geometry D:/Aeld_data/IP_Creation/Linear-regression-on-SOC/Linear-regression-on-SOC/solution1/.autopilot/db/source.pp.0.cpp std=gnu++98 
Execute         ap_eval exec -ignorestderr D:/Xilinx/Vivado/2019.1/win64/tools/clang-3.9-csynth/bin/tidy-3.1 -export-fixes=D:/Aeld_data/IP_Creation/Linear-regression-on-SOC/Linear-regression-on-SOC/solution1/.autopilot/db/tidy-3.1.source.pp.0.cpp.diag.yml -header-filter=.* -checks=-*,xilinx-constantarray-param,xilinx-resource-pragma-transformer,xilinx-xfmat-array-geometry -quiet -fix-errors D:/Aeld_data/IP_Creation/Linear-regression-on-SOC/Linear-regression-on-SOC/solution1/.autopilot/db/source.pp.0.cpp -- -std=gnu++98 -fhls -ferror-limit=0 > D:/Aeld_data/IP_Creation/Linear-regression-on-SOC/Linear-regression-on-SOC/solution1/.autopilot/db/tidy-3.1.source.pp.0.cpp.out.log 2> D:/Aeld_data/IP_Creation/Linear-regression-on-SOC/Linear-regression-on-SOC/solution1/.autopilot/db/tidy-3.1.source.pp.0.cpp.err.log 
Command         ap_eval done; 1.848 sec.
Execute         source D:/Xilinx/Vivado/2019.1/tps/tcl/tcllib1.11.1/yaml/yaml.tcl 
Execute           source D:/Xilinx/Vivado/2019.1/tps/tcl/tcllib1.11.1/cmdline/cmdline.tcl 
Command         ap_source done; 0.102 sec.
Execute         ap_eval exec -ignorestderr D:/Xilinx/Vivado/2019.1/win64/tools/clang-3.9-csynth/bin/xilinx-legacy-rewriter D:/Aeld_data/IP_Creation/Linear-regression-on-SOC/Linear-regression-on-SOC/solution1/.autopilot/db/source.pp.0.cpp -- -std=gnu++98 -fhls -ferror-limit=0 > D:/Aeld_data/IP_Creation/Linear-regression-on-SOC/Linear-regression-on-SOC/solution1/.autopilot/db/xilinx-legacy-rewriter.source.pp.0.cpp.out.log 2> D:/Aeld_data/IP_Creation/Linear-regression-on-SOC/Linear-regression-on-SOC/solution1/.autopilot/db/xilinx-legacy-rewriter.source.pp.0.cpp.err.log 
Command         ap_eval done; 1.929 sec.
Command       tidy_31 done; 3.912 sec.
INFO-FLOW: Done: tidy-3.1 CDT preprocess time: 7.4 seconds per iteration
INFO-FLOW: Pragma Handling...
Execute       tidy_31 xilinx-ssdm-intrinsics-arguments D:/Aeld_data/IP_Creation/Linear-regression-on-SOC/Linear-regression-on-SOC/solution1/.autopilot/db/source.pragma.1.cpp std=gnu++98 
INFO-FLOW: exec D:/Xilinx/Vivado/2019.1/win64/tools/clang-3.9-csynth/bin/tidy-3.1 -header-filter=.* -checks=-*,xilinx-ssdm-intrinsics-arguments -quiet -fix-errors D:/Aeld_data/IP_Creation/Linear-regression-on-SOC/Linear-regression-on-SOC/solution1/.autopilot/db/source.pragma.1.cpp -- -std=gnu++98 -fhls -ferror-limit=0
Command       tidy_31 done; 2.803 sec.
Execute       ap_part_info -name xc7z020-clg484-1 -data info 
INFO-FLOW: Processing labels
Execute       clang -src D:/Aeld_data/IP_Creation/Linear-regression-on-SOC/Linear-regression-on-SOC/solution1/.autopilot/db/source.pragma.2.cpp  -fno-limit-debug-info -gcc-toolchain D:/Xilinx/Vivado/2019.1/msys -hls -hls-analyze-label -hls-analyze-pragma -fno-exceptions  -D__llvm__  -w  "D:/Aeld_data/IP_Creation/Linear-regression-on-SOC/Linear-regression-on-SOC/solution1/.autopilot/db/source.pragma.2.cpp"    -fno-math-errno -c -emit-llvm -O0  -mllvm -disable-llvm-optzns -fno-threadsafe-statics  -fno-use-cxa-atexit -DAESL_SYN -D__SYNTHESIS__ -D__HLS_SYN__ -I "D:/Xilinx/Vivado/2019.1/common/technology/autopilot" -I "D:/Xilinx/Vivado/2019.1/common/technology/autopilot/ap_sysc" -include etc/autopilot_ssdm_op.h -D__DSP48E1__ -g -o "D:/Aeld_data/IP_Creation/Linear-regression-on-SOC/Linear-regression-on-SOC/solution1/.autopilot/db/source.bc" 
INFO-FLOW: exec D:/Xilinx/Vivado/2019.1/win64/tools/clang/bin/clang -fno-limit-debug-info -gcc-toolchain D:/Xilinx/Vivado/2019.1/msys -hls -hls-analyze-label -hls-analyze-pragma -fno-exceptions -D__llvm__ -w D:/Aeld_data/IP_Creation/Linear-regression-on-SOC/Linear-regression-on-SOC/solution1/.autopilot/db/source.pragma.2.cpp -fno-math-errno -c -emit-llvm -O0 -mllvm -disable-llvm-optzns -fno-threadsafe-statics -fno-use-cxa-atexit -DAESL_SYN -D__SYNTHESIS__ -D__HLS_SYN__ -I D:/Xilinx/Vivado/2019.1/common/technology/autopilot -I D:/Xilinx/Vivado/2019.1/common/technology/autopilot/ap_sysc -include etc/autopilot_ssdm_op.h -D__DSP48E1__ -g -o D:/Aeld_data/IP_Creation/Linear-regression-on-SOC/Linear-regression-on-SOC/solution1/.autopilot/db/source.bc
Command       clang done; 4.183 sec.
INFO-FLOW: Linking Debug ...
Execute       llvm-ld D:/Aeld_data/IP_Creation/Linear-regression-on-SOC/Linear-regression-on-SOC/solution1/.autopilot/db/source.g.bc -hls-opt -except-internalize linear_regression -LD:/Xilinx/Vivado/2019.1/win64/lib -lhlsm -lhlsmc++ -o D:/Aeld_data/IP_Creation/Linear-regression-on-SOC/Linear-regression-on-SOC/solution1/.autopilot/db/a.g 
Command       llvm-ld done; 18.274 sec.
INFO: [HLS 200-111] Finished Linking Time (s): cpu = 00:00:02 ; elapsed = 00:00:48 . Memory (MB): peak = 183.879 ; gain = 93.723
INFO: [HLS 200-111] Finished Checking Pragmas Time (s): cpu = 00:00:02 ; elapsed = 00:00:48 . Memory (MB): peak = 183.879 ; gain = 93.723
Execute       get_config_sdx -target 
Execute       opt_and_import_c a -opt_level=2 -skip_syncheck=0 -ng=0 -keep_printf=0 
Execute         cleanup_all_models 
INFO: [HLS 200-10] Starting code transformations ...
Execute         transform -promote-dbg-pointer D:/Aeld_data/IP_Creation/Linear-regression-on-SOC/Linear-regression-on-SOC/solution1/.autopilot/db/a.pp.bc -o D:/Aeld_data/IP_Creation/Linear-regression-on-SOC/Linear-regression-on-SOC/solution1/.autopilot/db/a.pp.0.bc -f 
Command         transform done; 1.44 sec.
Execute         llvm-ld D:/Aeld_data/IP_Creation/Linear-regression-on-SOC/Linear-regression-on-SOC/solution1/.autopilot/db/a.pp.0.bc -disable-opt -LD:/Xilinx/Vivado/2019.1/win64/lib -lfloatconversion -o D:/Aeld_data/IP_Creation/Linear-regression-on-SOC/Linear-regression-on-SOC/solution1/.autopilot/db/a.g.0 
Command         llvm-ld done; 1.459 sec.
INFO-FLOW: Running Standard Transforms...
Execute         transform -hls -share-std-xform -demangle-name -inline-byval-memcpy -always-inline -promote-dbg-pointer -interface-preproc -mem2reg -scalarrepl -mem2reg -keep-read-access -instcombine -dce -promote-dbg-pointer -bitop-raise -loop-simplify -indvarspre -indvars -loop-simplify -xunroll -constprop -instcombine -simplifycfg -indvars -simplifycfg -dce -globaldce -basicaa -simplifycfg -mem2reg -globalopt -global-constprop -deadargelim -instcombine -simplifycfg -prune-eh -simplifycfg -scalarrepl -instcombine -reassociate -licm -simplifycfg -loop-simplify -indvars -instcombine -simplifycfg -mem2reg -loop-simplify -indvars -instcombine -gvn -gvn -instcombine -adce -break-crit-edges -simplifycfg -loop-delete -global-array-opt -dce -dse -adce -find-syn-modules -top linear_regression -deadargelim -mem2reg -instcombine -dce -presyn-prepare -auto-rom-infer -interface-preproc -syn-check -check-rec-only -find-region -simplifycfg -func-extr -function-inline -globaldce -mem2reg -instcombine -dce -gvn -globaldce -adce -adse -constprop -instcombine -bit-constprop -instcombine -dce -simplifycfg -bitop-raise -simplifycfg -dce -loop-delete -reassociate -globalopt -global-privatize -mem2reg -dce -global-constprop -pointer-simplify -constprop -dce -func-inst -deadargelim -auto-shift-reg-idiom -promote-dbg-pointer -norm-name D:/Aeld_data/IP_Creation/Linear-regression-on-SOC/Linear-regression-on-SOC/solution1/.autopilot/db/a.g.0.bc -o D:/Aeld_data/IP_Creation/Linear-regression-on-SOC/Linear-regression-on-SOC/solution1/.autopilot/db/a.g.1.bc -f -phase std-opt 
Command         transform done; 1.029 sec.
INFO: [HLS 200-111] Finished Standard Transforms Time (s): cpu = 00:00:02 ; elapsed = 00:00:52 . Memory (MB): peak = 183.879 ; gain = 93.723
INFO: [HLS 200-10] Checking synthesizability ...
INFO-FLOW: Checking Synthesizability 1/2..
Execute         transform -hls -syn-check -check-rec-only -disaggr -scalarrepl -norm-name -dce -mem2reg -instcombine -function-uniquify -directive-preproc -mem2reg -dse -dce -auto-rom-infer -dce -pag -array-normalize -instcombine -dce -warn-fifo-pointer -array-seg-normalize -instcombine -dce -array-flatten -instcombine -dce -array-burst -dce -deadargelim -promote-global-argument -simplifycfg -mem2reg -globaldce -dce -deadargelim -dce -instcombine -function-inline -globaldce -dce -doublePtrSimplify -doublePtrElim -dce -doublePtrSimplify -promote-dbg-pointer -dce -scalarrepl -dse -adse -instcombine -ptrLegalization -simplifycfg -dce -instcombine -pointer-simplify -ptrArgReplace -dce -instcombine -resolve-double-ptr -disaggr -scalarrepl -norm-name -dce -mem2reg -instcombine -ptrLegalization -simplifycfg -deadargelim -instcombine -dce -inst-simplify -function-uniquify -directive-preproc -mem2reg -dse -dce -globaldce -check-dspbuiltin D:/Aeld_data/IP_Creation/Linear-regression-on-SOC/Linear-regression-on-SOC/solution1/.autopilot/db/a.g.1.bc -o D:/Aeld_data/IP_Creation/Linear-regression-on-SOC/Linear-regression-on-SOC/solution1/.autopilot/db/a.g.2.prechk.bc -f 
Command         transform done; 0.884 sec.
INFO-FLOW: Checking Synthesizability 2/2..
Execute         transform -syn-check D:/Aeld_data/IP_Creation/Linear-regression-on-SOC/Linear-regression-on-SOC/solution1/.autopilot/db/a.g.2.prechk.bc -o D:/Aeld_data/IP_Creation/Linear-regression-on-SOC/Linear-regression-on-SOC/solution1/.autopilot/db/a.g.2.bc -f -phase syn-check 
INFO: [HLS 200-111] Finished Checking Synthesizability Time (s): cpu = 00:00:02 ; elapsed = 00:00:53 . Memory (MB): peak = 183.879 ; gain = 93.723
INFO-FLOW: Compiler optimizing ...
INFO-FLOW: Share syncheck's 1.bc for syn flow: copy D:/Aeld_data/IP_Creation/Linear-regression-on-SOC/Linear-regression-on-SOC/solution1/.autopilot/db/a.g.1.bc to D:/Aeld_data/IP_Creation/Linear-regression-on-SOC/Linear-regression-on-SOC/solution1/.autopilot/db/a.o.1.bc
INFO-FLOW: Presyn 1...
Execute         transform -hls -tmp D:/Aeld_data/IP_Creation/Linear-regression-on-SOC/Linear-regression-on-SOC/solution1/.autopilot/db -interface-port-rename -type-info -function-uniquify -directive-preproc -mem2reg -dse -dce -disaggr -scalarrepl -norm-name -deadargelim -mem2reg -instcombine -dce -simplifycfg -auto-rom-infer -dce -function-uniquify -resource-proc -clib-intrinsic-prepare -dce -func-buffer -dce -pag -array-normalize -func-legal -instcombine -gvn -constprop -dce -simplifycfg -mem2reg -globaldce -resolve-double-ptr -dce -deadargelim -dce -instcombine -ptrArgReplace -mem2reg -dce -array-seg-normalize -deadargelim -instcombine -dce -pointer-simplify -dce -port-alignment -dce -interface-preproc -data-pack -instcombine -dce -basicaa -aggr-aa -aggrmodref-aa -aggr-aa -gvn -gvn -basicaa -aggr-aa -aggrmodref-aa -aggr-aa -dse -adse -adce -loop-simplify -indvars -instcombine -gvn -loop-simplify -mem2reg -dce -find-region -instcombine -auto-loop-pipeline -inst-simplify -interface-preproc -cfgopt -instcombine -indvars -auto-loop-unroll -loop-simplify -loop-bound -xunroll -constprop -instcombine -simplifycfg -indvars -simplifycfg -dce -globaldce -clean-region -attach-range -gvn -inst-simplify -constprop -simplifycfg -dce -pointer-simplify -dce -globalopt -constprop -dce -array-promote -constprop -dce -ptrArgReplace -mem2reg -simplifycfg -dce -auto-par -instcombine -dce -array-transform-check -array-reshape -instcombine -simplifycfg -dce -ptrArgReplace -deadargelim -mem2reg -instcombine -simplifycfg -dce -indvars -loop-simplify -loop-bound -xunroll -constprop -instcombine -simplifycfg -indvars -simplifycfg -dce -globaldce -basicaa -aggr-aa -aggrmodref-aa -aggr-aa -dse -duplicate-dataflow-processes -globaldce -instcombine -array-partition -instcombine -simplifycfg -dce -ptrArgReplace -global-constprop -deadargelim -mem2reg -func-legal -dce -global-constprop -deadargelim -mem2reg -simplifycfg -dce -merge-param -deadargelim -globalopt -constprop -dce -array-promote -constprop -dce -ptrArgReplace -mem2reg -simplifycfg -dce -mem-intrinsic-preproc -dce -global-internalize -global-privatize -mem2reg -globaldce -promote-global-argument -ptrArgReplace -mem2reg -dce -globalopt -mergereturn -simplify-global-access -mem2reg -dce -pointer-simplify -dce -functionattrs -basicaa -aggr-aa -aggrmodref-aa -aggr-aa -gvn -gvn -basicaa -aggr-aa -aggrmodref-aa -aggr-aa -dse -adse -adce -dce -norm-name -function-inline -complex-op-raise -inst-simplify -globaldce -func-inst -constprop -instcombine -simplifycfg -dce -func-legal -dce -loop-bound -arraycheck -bitwidthmin -on-by-dataflow -loop-delete -instcombine -simplifycfg -globaldce -dce -gvn -deadargelim -dce -loop-simplify -clean-region -simplifycfg -propagate-stable-arguments -loop-stream -instcombine -simplifycfg -dce -globaldce -duplicate-dataflow-processes -stream-intrinsic-preproc -dce -check-ap-stream -loop-simplify -eliminate-keepreads -extract-dataflow-in-loop -loop-simplify -dce -gvn -deadargelim -dse -check-dataflow-syntax -legalize-stream-variable -legalize-global -extract-subproc -dce -dead-channel-elimination -canonicalize-gep -globaldce -dce -gvn -deadargelim -annotate-dataflow-channels -scalar-propagation -deadargelim -globaldce -mem2reg -check-dataflow-channels -function-stream -dce -globaldce -prop-fifo-spec -internal-stream-gen -canonicalize-gep -globaldce -dce -gvn -deadargelim -mergereturn -indvars -loop-simplify -instcombine -array-stream -array-seg-normalize -array-partition -func-legal -instcombine -simplifycfg -dce -bundle-memfifo-ops -deadargelim -function-uniquify -directive-preproc -mem2reg -dse -dce -group-axi-access -licm -simplifycfg -dce -loop-delete -norm-name D:/Aeld_data/IP_Creation/Linear-regression-on-SOC/Linear-regression-on-SOC/solution1/.autopilot/db/a.o.1.bc -o D:/Aeld_data/IP_Creation/Linear-regression-on-SOC/Linear-regression-on-SOC/solution1/.autopilot/db/a.o.1.tmp.bc -f 
INFO: [XFORM 203-102] Automatically partitioning small array 'theta' (Linear-regression-on-SOC/source.cpp:11) completely based on array size.
INFO: [XFORM 203-101] Partitioning array 'theta' (Linear-regression-on-SOC/source.cpp:11) in dimension 1 completely.
Command         transform done; 1.766 sec.
INFO-FLOW: Presyn 2...
Execute         transform -hls -keep-callgraph -scalarrepl -mem2reg -port-alignment -attach-range -dce -pipe-mux-gen -indvars -loop-bound -inst-simplify -instcombine -dce -merge-array-access -mem2reg -dce -clean-region -mergereturn -if-conv -instcombine -dce -constprop -basicaa -aggr-aa -aggrmodref-aa -aggr-aa -gvn -gvn -basicaa -aggr-aa -aggrmodref-aa -aggr-aa -dse -adse -adce -scalarrepl -mem2reg -global-constprop -deadargelim -deadargelim -instcombine -dce -simplifycfg -ptrArgReplace -mem2reg -function-inline -globaldce -mem2reg -instcombine -dce -expr-balance -instcombine -dce -bitwidthmin -interface-preproc -directive-preproc -inst-rectify -instcombine -dce -functionattrs -constprop -instcombine -bit-constprop -simplify-global-access -globalopt -globaldce -inst-simplify -instcombine -elimdeaddata -dce -loop-delete -simplifycfg -loop-simplify -auto-burst -norm-name D:/Aeld_data/IP_Creation/Linear-regression-on-SOC/Linear-regression-on-SOC/solution1/.autopilot/db/a.o.1.tmp.bc -o D:/Aeld_data/IP_Creation/Linear-regression-on-SOC/Linear-regression-on-SOC/solution1/.autopilot/db/a.o.2.bc -f -phase presyn 
Command         transform done; 0.451 sec.
INFO: [HLS 200-111] Finished Pre-synthesis Time (s): cpu = 00:00:02 ; elapsed = 00:00:55 . Memory (MB): peak = 183.879 ; gain = 93.723
INFO-FLOW: Building ssdm...
Execute         transform -hls -function-uniquify -auto-function-inline -globaldce -ptrArgReplace -mem2reg -dce -reset-lda -loop-simplify -indvars -licm -loop-dep -loop-bound -licm -loop-simplify -flattenloopnest -array-flatten -gvn -instcombine -dce -array-map -dce -func-legal -gvn -adce -instcombine -cfgopt -simplifycfg -loop-simplify -array-burst -promote-global-argument -dce -ptrLegalization -axi4-lower -array-seg-normalize -basicaa -aggrmodref-aa -globalsmodref-aa -aggr-aa -gvn -gvn -basicaa -aggrmodref-aa -globalsmodref-aa -aggr-aa -dse -adse -adce -licm -inst-simplify -dce -globaldce -instcombine -array-stream -eliminate-keepreads -instcombine -dce -deadargelim -doublePtrSimplify -doublePtrElim -dce -doublePtrSimplify -promote-dbg-pointer -dce -scalarrepl -mem2reg -disaggr -norm-name -mem2reg -instcombine -dse -adse -adce -ptrLegalization -dce -auto-rom-infer -array-flatten -dce -instcombine -check-doubleptr -loop-rot -constprop -cfgopt -simplifycfg -loop-simplify -indvars -pointer-simplify -dce -loop-bound -loop-simplify -loop-preproc -constprop -global-constprop -gvn -mem2reg -instcombine -dce -loop-bound -loop-merge -dce -bitwidthmin -deadargelim -dce -canonicalize-dataflow -dce -scalar-propagation -deadargelim -globaldce -mem2reg -read-loop-dep -interface-preproc -directive-preproc -interface-gen -bram-byte-enable -deadargelim -inst-simplify -dce -gvn -mem2reg -instcombine -dce -adse -loop-bound -instcombine -cfgopt -simplifycfg -loop-simplify -clean-region -io-protocol -find-region -mem2reg -bitop-raise -complex-op-raise -inst-simplify -inst-rectify -instcombine -adce -deadargelim -loop-simplify -phi-opt -bitop-raise -cfgopt -simplifycfg -strip-dead-prototypes -interface-lower -bitop-lower -intrinsic-lower -auto-function-inline -basicaa -aggrmodref-aa -globalsmodref-aa -aggr-aa -inst-simplify -simplifycfg -loop-simplify -mergereturn -inst-simplify -inst-rectify -dce -load-elim -bitop-lower -loop-rewind -pointer-simplify -dce -cfgopt -dce -loop-bound -loop-dep -read-loop-dep -dce -check-stream -norm-name -legalize -validate-dataflow -inst-clarity -bitwidth -dump-loop-dep-to-ir -check-all-ssdm -cdfg-build D:/Aeld_data/IP_Creation/Linear-regression-on-SOC/Linear-regression-on-SOC/solution1/.autopilot/db/a.o.2.bc -o D:/Aeld_data/IP_Creation/Linear-regression-on-SOC/Linear-regression-on-SOC/solution1/.autopilot/db/a.o.3.bc -f -phase build-ssdm 
WARNING: [HLS 200-466] Port 'output'() has different latency/depth on the same m_axi bundle:'gmem'
INFO: [HLS 200-444] Inferring multiple bus burst read of a total cumulative length 194 on port 'gmem' (Linear-regression-on-SOC/source.cpp:8:2). These data requests might be further partitioned to multiple requests during RTL generation, based on max_read_burst_length or max_write_burst_length settings.
INFO: [HLS 200-444] Inferring multiple bus burst write of a total cumulative length 2 on port 'gmem' (Linear-regression-on-SOC/source.cpp:65:2). These data requests might be further partitioned to multiple requests during RTL generation, based on max_read_burst_length or max_write_burst_length settings.
Command         transform done; 1.638 sec.
INFO: [HLS 200-111] Finished Architecture Synthesis Time (s): cpu = 00:00:02 ; elapsed = 00:00:57 . Memory (MB): peak = 183.879 ; gain = 93.723
INFO-FLOW: Finish building internal data model.
Command       opt_and_import_c done; 8.89 sec.
Command     elaborate done; 55.093 sec.
Execute     autosyn -from_csynth_design=1 
INFO: [HLS 200-10] Starting hardware synthesis ...
INFO-FLOW: Synthesizing C/C++ design ...
INFO: [HLS 200-10] Synthesizing 'linear_regression' ...
Execute       ap_set_top_model linear_regression 
Execute       get_model_list linear_regression -filter all-wo-channel -topdown 
Execute       preproc_iomode -model linear_regression 
Execute       get_model_list linear_regression -filter all-wo-channel 
INFO-FLOW: Model list for configure: linear_regression
INFO-FLOW: Configuring Module : linear_regression ...
Execute       set_default_model linear_regression 
Execute       apply_spec_resource_limit linear_regression 
INFO-FLOW: Model list for preprocess: linear_regression
INFO-FLOW: Preprocessing Module: linear_regression ...
Execute       set_default_model linear_regression 
Execute       cdfg_preprocess -model linear_regression 
Execute       rtl_gen_preprocess linear_regression 
WARNING: [SYN 201-107] Renaming port name 'linear_regression/input' to 'linear_regression/input_r' to avoid the conflict with HDL keywords or other object names.
WARNING: [SYN 201-107] Renaming port name 'linear_regression/output' to 'linear_regression/output_r' to avoid the conflict with HDL keywords or other object names.
INFO-FLOW: Model list for synthesis: linear_regression
INFO: [HLS 200-10] ----------------------------------------------------------------
INFO: [HLS 200-42] -- Implementing module 'linear_regression' 
INFO: [HLS 200-10] ----------------------------------------------------------------
Execute       set_default_model linear_regression 
Execute       schedule -model linear_regression 
INFO: [SCHED 204-11] Starting scheduling ...
INFO: [SCHED 204-61] Pipelining loop 'memcpy.x_input.input'.
INFO: [SCHED 204-61] Pipelining result : Target II = 1, Final II = 1, Depth = 3.
INFO: [SCHED 204-61] Pipelining loop 'memcpy.output.theta.gep'.
INFO: [SCHED 204-61] Pipelining result : Target II = 1, Final II = 1, Depth = 2.
INFO: [SCHED 204-11] Finished scheduling.
Command       schedule done; 1.401 sec.
INFO: [HLS 200-111]  Elapsed time: 58.228 seconds; current allocated memory: 112.605 MB.
Execute       syn_report -verbosereport -o D:/Aeld_data/IP_Creation/Linear-regression-on-SOC/Linear-regression-on-SOC/solution1/.autopilot/db/linear_regression.verbose.sched.rpt 
INFO: [HLS 200-434] Only 2 loops out of a total 12 loops have been pipelined in this design.
Command       syn_report done; 0.186 sec.
Execute       db_write -o D:/Aeld_data/IP_Creation/Linear-regression-on-SOC/Linear-regression-on-SOC/solution1/.autopilot/db/linear_regression.sched.adb -f 
Command       db_write done; 0.208 sec.
INFO-FLOW: Finish scheduling linear_regression.
Execute       set_default_model linear_regression 
Execute       bind -model linear_regression 
BIND OPTION: model=linear_regression
INFO: [BIND 205-100] Starting micro-architecture generation ...
INFO: [BIND 205-101] Performing variable lifetime analysis.
INFO: [BIND 205-101] Exploring resource sharing.
INFO: [BIND 205-101] Binding ...
INFO: [BIND 205-100] Finished micro-architecture generation.
Command       bind done; 0.203 sec.
INFO: [HLS 200-111]  Elapsed time: 0.632 seconds; current allocated memory: 113.619 MB.
Execute       syn_report -verbosereport -o D:/Aeld_data/IP_Creation/Linear-regression-on-SOC/Linear-regression-on-SOC/solution1/.autopilot/db/linear_regression.verbose.bind.rpt 
Command       syn_report done; 0.457 sec.
Execute       db_write -o D:/Aeld_data/IP_Creation/Linear-regression-on-SOC/Linear-regression-on-SOC/solution1/.autopilot/db/linear_regression.bind.adb -f 
INFO-FLOW: Finish binding linear_regression.
Execute       get_model_list linear_regression -filter all-wo-channel 
INFO-FLOW: Preprocessing for RTLGen ...
Execute       rtl_gen_preprocess linear_regression 
INFO-FLOW: Model list for RTL generation: linear_regression
INFO: [HLS 200-10] ----------------------------------------------------------------
INFO: [HLS 200-10] -- Generating RTL for module 'linear_regression' 
INFO: [HLS 200-10] ----------------------------------------------------------------
Execute       get_config_rtl -module_prefix 
Execute       get_config_rtl -module_auto_prefix 
Execute       create_rtl_model linear_regression -vendor xilinx -mg_file D:/Aeld_data/IP_Creation/Linear-regression-on-SOC/Linear-regression-on-SOC/solution1/.autopilot/db/linear_regression.compgen.tcl 
INFO: [RTGEN 206-500] Setting interface mode on port 'linear_regression/gmem' to 'm_axi'.
INFO: [RTGEN 206-500] Setting interface mode on port 'linear_regression/input_r' to 's_axilite & ap_none'.
INFO: [RTGEN 206-500] Setting interface mode on port 'linear_regression/output_r' to 's_axilite & ap_none'.
INFO: [RTGEN 206-500] Setting interface mode on function 'linear_regression' to 's_axilite & ap_ctrl_hs'.
INFO: [RTGEN 206-100] Bundling port 'return' and 'output_r' to AXI-Lite port AXILiteS.
INFO: [SYN 201-210] Renamed object name 'linear_regression_x_input' to 'linear_regressionbkb' due to the length limit 20
INFO: [SYN 201-210] Renamed object name 'linear_regression_data' to 'linear_regressioncud' due to the length limit 20
INFO: [SYN 201-210] Renamed object name 'linear_regression_data1' to 'linear_regressiondEe' due to the length limit 20
INFO: [SYN 201-210] Renamed object name 'linear_regression_faddfsub_32ns_32ns_32_5_full_dsp_1' to 'linear_regressioneOg' due to the length limit 20
INFO: [SYN 201-210] Renamed object name 'linear_regression_fadd_32ns_32ns_32_5_full_dsp_1' to 'linear_regressionfYi' due to the length limit 20
INFO: [SYN 201-210] Renamed object name 'linear_regression_fmul_32ns_32ns_32_4_max_dsp_1' to 'linear_regressiong8j' due to the length limit 20
INFO: [RTGEN 206-100] Generating core module 'linear_regressioneOg': 2 instance(s).
INFO: [RTGEN 206-100] Generating core module 'linear_regressionfYi': 2 instance(s).
INFO: [RTGEN 206-100] Generating core module 'linear_regressiong8j': 4 instance(s).
INFO: [RTGEN 206-100] Finished creating RTL model for 'linear_regression'.
Command       create_rtl_model done; 0.258 sec.
INFO: [HLS 200-111]  Elapsed time: 0.832 seconds; current allocated memory: 115.615 MB.
Execute       source D:/Aeld_data/IP_Creation/Linear-regression-on-SOC/Linear-regression-on-SOC/solution1/.autopilot/db/linear_regression.rtl_wrap.cfg.tcl 
Execute       gen_rtl linear_regression -istop -style xilinx -tracefl mytrace -tracefmt vcd -traceopt all -f -lang sc -o D:/Aeld_data/IP_Creation/Linear-regression-on-SOC/Linear-regression-on-SOC/solution1/syn/systemc/linear_regression -synmodules linear_regression 
Execute       gen_rtl linear_regression -istop -style xilinx -f -lang vhdl -o D:/Aeld_data/IP_Creation/Linear-regression-on-SOC/Linear-regression-on-SOC/solution1/syn/vhdl/linear_regression 
Execute       gen_rtl linear_regression -istop -style xilinx -f -lang vlog -o D:/Aeld_data/IP_Creation/Linear-regression-on-SOC/Linear-regression-on-SOC/solution1/syn/verilog/linear_regression 
Execute       syn_report -csynth -model linear_regression -o D:/Aeld_data/IP_Creation/Linear-regression-on-SOC/Linear-regression-on-SOC/solution1/syn/report/linear_regression_csynth.rpt 
Execute       syn_report -rtlxml -model linear_regression -o D:/Aeld_data/IP_Creation/Linear-regression-on-SOC/Linear-regression-on-SOC/solution1/syn/report/linear_regression_csynth.xml 
Execute       syn_report -verbosereport -model linear_regression -o D:/Aeld_data/IP_Creation/Linear-regression-on-SOC/Linear-regression-on-SOC/solution1/.autopilot/db/linear_regression.verbose.rpt 
Command       syn_report done; 0.207 sec.
Execute       db_write -model linear_regression -f -o D:/Aeld_data/IP_Creation/Linear-regression-on-SOC/Linear-regression-on-SOC/solution1/.autopilot/db/linear_regression.adb 
Command       db_write done; 0.112 sec.
Execute       gen_tb_info linear_regression -p D:/Aeld_data/IP_Creation/Linear-regression-on-SOC/Linear-regression-on-SOC/solution1/.autopilot/db -o D:/Aeld_data/IP_Creation/Linear-regression-on-SOC/Linear-regression-on-SOC/solution1/.autopilot/db/linear_regression 
Execute       export_constraint_db -f -tool general -o D:/Aeld_data/IP_Creation/Linear-regression-on-SOC/Linear-regression-on-SOC/solution1/.autopilot/db/linear_regression.constraint.tcl 
Execute       syn_report -designview -model linear_regression -o D:/Aeld_data/IP_Creation/Linear-regression-on-SOC/Linear-regression-on-SOC/solution1/.autopilot/db/linear_regression.design.xml 
Command       syn_report done; 0.104 sec.
Execute       get_config_rtl -disable_wave_debug 
Execute       syn_report -wcfg -model linear_regression -o D:/Aeld_data/IP_Creation/Linear-regression-on-SOC/Linear-regression-on-SOC/solution1/.autopilot/db/linear_regression_dataflow_ana.wcfg 
Execute       syn_report -protoinst -model linear_regression -o D:/Aeld_data/IP_Creation/Linear-regression-on-SOC/Linear-regression-on-SOC/solution1/.autopilot/db/linear_regression.protoinst 
Execute       get_config_debug -directory 
Execute       sc_get_clocks linear_regression 
Execute       get_config_export -vivado_clock 
Execute       sc_get_portdomain linear_regression 
INFO-FLOW: Model list for RTL component generation: linear_regression
INFO-FLOW: Handling components in module [linear_regression] ... 
Execute       source D:/Aeld_data/IP_Creation/Linear-regression-on-SOC/Linear-regression-on-SOC/solution1/.autopilot/db/linear_regression.compgen.tcl 
INFO-FLOW: Found component linear_regressioneOg.
INFO-FLOW: Append model linear_regressioneOg
INFO-FLOW: Found component linear_regressionfYi.
INFO-FLOW: Append model linear_regressionfYi
INFO-FLOW: Found component linear_regressiong8j.
INFO-FLOW: Append model linear_regressiong8j
INFO-FLOW: Found component linear_regressionbkb.
INFO-FLOW: Append model linear_regressionbkb
INFO-FLOW: Found component linear_regressioncud.
INFO-FLOW: Append model linear_regressioncud
INFO-FLOW: Found component linear_regression_y.
INFO-FLOW: Append model linear_regression_y
INFO-FLOW: Found component linear_regression_AXILiteS_s_axi.
INFO-FLOW: Append model linear_regression_AXILiteS_s_axi
INFO-FLOW: Found component linear_regression_gmem_m_axi.
INFO-FLOW: Append model linear_regression_gmem_m_axi
INFO-FLOW: Append model linear_regression
INFO-FLOW: Generating RTL model list ...
INFO-FLOW: All models in this session: linear_regressioneOg linear_regressionfYi linear_regressiong8j linear_regressionbkb linear_regressioncud linear_regression_y linear_regression_AXILiteS_s_axi linear_regression_gmem_m_axi linear_regression
INFO-FLOW: To file: write model linear_regressioneOg
INFO-FLOW: To file: write model linear_regressionfYi
INFO-FLOW: To file: write model linear_regressiong8j
INFO-FLOW: To file: write model linear_regressionbkb
INFO-FLOW: To file: write model linear_regressioncud
INFO-FLOW: To file: write model linear_regression_y
INFO-FLOW: To file: write model linear_regression_AXILiteS_s_axi
INFO-FLOW: To file: write model linear_regression_gmem_m_axi
INFO-FLOW: To file: write model linear_regression
INFO-FLOW: Finished generating RTL model list.


INFO-FLOW: RTL Generation done.
INFO-FLOW: CAS Generation done.
INFO-FLOW: CBC Generation done.
INFO-FLOW: DBG:CMD: auto_generate_csynth_design
INFO-FLOW: DBG:CMD:     auto_generate --sim-model -phase csynth_design -d D:/Aeld_data/IP_Creation/Linear-regression-on-SOC/Linear-regression-on-SOC/solution1
Execute       source D:/Aeld_data/IP_Creation/Linear-regression-on-SOC/Linear-regression-on-SOC/solution1/.autopilot/db/global.setting.tcl 
INFO-FLOW: DBG:CMD: read_platform_lib D:/Aeld_data/IP_Creation/Linear-regression-on-SOC/Linear-regression-on-SOC/solution1/.autopilot/db/global.setting.tcl
Execute       source D:/Xilinx/Vivado/2019.1/common/technology/generic/autopilot/common.gen 
Execute         source D:/Xilinx/Vivado/2019.1/common/technology/generic/autopilot/APCoreGen.gen 
Execute       source D:/Xilinx/Vivado/2019.1/common/technology/generic/autopilot/op.gen 
Execute       source D:/Xilinx/Vivado/2019.1/common/technology/generic/autopilot/op_simcore.gen 
Execute       source D:/Xilinx/Vivado/2019.1/common/technology/generic/autopilot/interface.gen 
Execute       source D:/Aeld_data/IP_Creation/Linear-regression-on-SOC/Linear-regression-on-SOC/solution1/.autopilot/db/global.setting.tcl 
Execute       source D:/Xilinx/Vivado/2019.1/common/technology/xilinx/zynq/zynq.gen 
Execute         source D:/Xilinx/Vivado/2019.1/common/technology/xilinx/common/xilinx.gen 
Execute           source D:/Xilinx/Vivado/2019.1/common/technology/xilinx/interface/plb46.gen 
Execute           source D:/Xilinx/Vivado/2019.1/common/technology/xilinx/interface/fsl.gen 
Execute           source D:/Xilinx/Vivado/2019.1/common/technology/xilinx/interface/axi4.gen 
Execute           source D:/Xilinx/Vivado/2019.1/common/technology/xilinx/interface/nativeAXI4.gen 
Execute             source D:/Xilinx/Vivado/2019.1/common/technology/xilinx/interface/saxilite.gen 
Execute             source D:/Xilinx/Vivado/2019.1/common/technology/xilinx/interface/maxi.gen 
Execute           source D:/Xilinx/Vivado/2019.1/common/technology/xilinx/scripts/xilinxcoregen.gen 
Execute           source D:/Xilinx/Vivado/2019.1/common/technology/xilinx/interface/XilEDKCoreGen.gen 
Execute           source D:/Xilinx/Vivado/2019.1/common/technology/xilinx/ip/dds_compiler.gen 
Execute           source D:/Xilinx/Vivado/2019.1/common/technology/xilinx/ip/util.gen 
Execute           source D:/Xilinx/Vivado/2019.1/common/technology/xilinx/ip/xfft.gen 
Command           ap_source done; 0.126 sec.
Execute           source D:/Xilinx/Vivado/2019.1/common/technology/xilinx/ip/xfir.gen 
Execute           source D:/Xilinx/Vivado/2019.1/common/technology/xilinx/common/dsp48.gen 
Command         ap_source done; 0.377 sec.
Command       ap_source done; 0.377 sec.
Execute       source D:/Xilinx/Vivado/2019.1/common/technology/xilinx/zynq/zynq_fpv6.gen 
Execute         source D:/Xilinx/Vivado/2019.1/common/technology/xilinx/common/xilinx_fp.gen 
INFO-FLOW: DBG:CMD:   using AESL_AUTOCG::g_clock_period=10.000 (was NA)
INFO-FLOW: DBG:CMD:       generate_ip_cores sim=1 export=0 expOnly=0 dstVlogDir=syn/verilog
Execute       source D:/Aeld_data/IP_Creation/Linear-regression-on-SOC/Linear-regression-on-SOC/solution1/.autopilot/db/global.setting.tcl 
Execute       ap_part_info -name xc7z020-clg484-1 -data names -quiet 
Execute       ap_part_info -name xc7z020-clg484-1 -data info -quiet 
Execute       source D:/Aeld_data/IP_Creation/Linear-regression-on-SOC/Linear-regression-on-SOC/solution1/.autopilot/db/global.setting.tcl 
Execute       source D:/Aeld_data/IP_Creation/Linear-regression-on-SOC/Linear-regression-on-SOC/solution1/.autopilot/db/global.setting.tcl 
Execute       source D:/Aeld_data/IP_Creation/Linear-regression-on-SOC/Linear-regression-on-SOC/solution1/.autopilot/db/linear_regression.compgen.tcl 
Execute         ap_part_info -name xc7z020-clg484-1 -data names -quiet 
Execute         ap_part_info -name xc7z020-clg484-1 -data info -quiet 
Execute         ap_part_info -name xc7z020-clg484-1 -data names -quiet 
Execute         ap_part_info -name xc7z020-clg484-1 -data info -quiet 
Execute         ap_part_info -name xc7z020-clg484-1 -data names -quiet 
Execute         ap_part_info -name xc7z020-clg484-1 -data info -quiet 
INFO: [RTMG 210-278] Implementing memory 'linear_regressionbkb_ram (RAM)' using block RAMs.
Execute         ap_part_info -name xc7z020-clg484-1 -data names -quiet 
Execute         ap_part_info -name xc7z020-clg484-1 -data info -quiet 
INFO: [RTMG 210-278] Implementing memory 'linear_regressioncud_ram (RAM)' using block RAMs.
Execute         ap_part_info -name xc7z020-clg484-1 -data names -quiet 
Execute         ap_part_info -name xc7z020-clg484-1 -data info -quiet 
INFO: [RTMG 210-278] Implementing memory 'linear_regression_y_ram (RAM)' using block RAMs.
Execute         ap_part_info -name xc7z020-clg484-1 -data names -quiet 
Execute         ap_part_info -name xc7z020-clg484-1 -data info -quiet 
Execute         source ./AXILiteS.slave.tcl 
Execute         is_m_axi_addr64 
Execute         ap_part_info -name xc7z020-clg484-1 -data names -quiet 
Execute         ap_part_info -name xc7z020-clg484-1 -data info -quiet 
Command       ap_source done; 0.865 sec.
INFO-FLOW: DBG:CMD:     auto_generate -export -impltomg_flag -rtl both -tool Vivado -pcore_version 1.00.a -phase csynth_design -d D:/Aeld_data/IP_Creation/Linear-regression-on-SOC/Linear-regression-on-SOC/solution1
Execute       source D:/Aeld_data/IP_Creation/Linear-regression-on-SOC/Linear-regression-on-SOC/solution1/.autopilot/db/global.setting.tcl 
INFO-FLOW: DBG:CMD: read_platform_lib D:/Aeld_data/IP_Creation/Linear-regression-on-SOC/Linear-regression-on-SOC/solution1/.autopilot/db/global.setting.tcl
Execute       source D:/Xilinx/Vivado/2019.1/common/technology/generic/autopilot/common.gen 
Execute         source D:/Xilinx/Vivado/2019.1/common/technology/generic/autopilot/APCoreGen.gen 
Execute       source D:/Xilinx/Vivado/2019.1/common/technology/generic/autopilot/op.gen 
Execute       source D:/Xilinx/Vivado/2019.1/common/technology/generic/autopilot/op_simcore.gen 
Execute       source D:/Xilinx/Vivado/2019.1/common/technology/generic/autopilot/interface.gen 
Execute       source D:/Aeld_data/IP_Creation/Linear-regression-on-SOC/Linear-regression-on-SOC/solution1/.autopilot/db/global.setting.tcl 
Execute       source D:/Xilinx/Vivado/2019.1/common/technology/xilinx/zynq/zynq.gen 
Execute         source D:/Xilinx/Vivado/2019.1/common/technology/xilinx/common/xilinx.gen 
Execute           source D:/Xilinx/Vivado/2019.1/common/technology/xilinx/interface/plb46.gen 
Execute           source D:/Xilinx/Vivado/2019.1/common/technology/xilinx/interface/fsl.gen 
Execute           source D:/Xilinx/Vivado/2019.1/common/technology/xilinx/interface/axi4.gen 
Execute           source D:/Xilinx/Vivado/2019.1/common/technology/xilinx/interface/nativeAXI4.gen 
Execute             source D:/Xilinx/Vivado/2019.1/common/technology/xilinx/interface/saxilite.gen 
Execute             source D:/Xilinx/Vivado/2019.1/common/technology/xilinx/interface/maxi.gen 
Execute           source D:/Xilinx/Vivado/2019.1/common/technology/xilinx/scripts/xilinxcoregen.gen 
Execute           source D:/Xilinx/Vivado/2019.1/common/technology/xilinx/interface/XilEDKCoreGen.gen 
Execute           source D:/Xilinx/Vivado/2019.1/common/technology/xilinx/ip/dds_compiler.gen 
Execute           source D:/Xilinx/Vivado/2019.1/common/technology/xilinx/ip/util.gen 
Execute           source D:/Xilinx/Vivado/2019.1/common/technology/xilinx/ip/xfft.gen 
Execute           source D:/Xilinx/Vivado/2019.1/common/technology/xilinx/ip/xfir.gen 
Execute           source D:/Xilinx/Vivado/2019.1/common/technology/xilinx/common/dsp48.gen 
Command         ap_source done; 0.149 sec.
Command       ap_source done; 0.149 sec.
Execute       source D:/Xilinx/Vivado/2019.1/common/technology/xilinx/zynq/zynq_fpv6.gen 
Execute         source D:/Xilinx/Vivado/2019.1/common/technology/xilinx/common/xilinx_fp.gen 
INFO-FLOW: DBG:CMD:       initCTypeInfo top_module=linear_regression xml_exists=0
Execute       source D:/Aeld_data/IP_Creation/Linear-regression-on-SOC/Linear-regression-on-SOC/solution1/.autopilot/db/linear_regression.rtl_wrap.cfg.tcl 
Execute       source D:/Aeld_data/IP_Creation/Linear-regression-on-SOC/Linear-regression-on-SOC/solution1/.autopilot/db/linear_regression.rtl_wrap.cfg.tcl 
Execute       source D:/Aeld_data/IP_Creation/Linear-regression-on-SOC/Linear-regression-on-SOC/solution1/.autopilot/db/linear_regression.rtl_wrap.cfg.tcl 
Execute       source D:/Aeld_data/IP_Creation/Linear-regression-on-SOC/Linear-regression-on-SOC/solution1/.autopilot/db/linear_regression.tbgen.tcl 
Execute       source D:/Aeld_data/IP_Creation/Linear-regression-on-SOC/Linear-regression-on-SOC/solution1/.autopilot/db/linear_regression.tbgen.tcl 
INFO-FLOW: DBG:CMD:       export_impl_rtl
INFO-FLOW: DBG:CMD:       generate_ip_cores sim=0 export=0 expOnly=0 dstVlogDir=impl/.verilog
Execute       source D:/Aeld_data/IP_Creation/Linear-regression-on-SOC/Linear-regression-on-SOC/solution1/.autopilot/db/global.setting.tcl 
Execute       source D:/Aeld_data/IP_Creation/Linear-regression-on-SOC/Linear-regression-on-SOC/solution1/.autopilot/db/linear_regression.compgen.tcl 
Execute         ap_part_info -name xc7z020-clg484-1 -data names -quiet 
Execute         ap_part_info -name xc7z020-clg484-1 -data info -quiet 
Execute         ap_part_info -name xc7z020-clg484-1 -data names -quiet 
Execute         ap_part_info -name xc7z020-clg484-1 -data info -quiet 
Execute         ap_part_info -name xc7z020-clg484-1 -data names -quiet 
Execute         ap_part_info -name xc7z020-clg484-1 -data info -quiet 
Command       ap_source done; 0.113 sec.
INFO-FLOW: DBG:CMD:       generate_ip_cores sim=0 export=1 expOnly=1 dstVlogDir=impl/.pcores/verilog
Execute       source D:/Aeld_data/IP_Creation/Linear-regression-on-SOC/Linear-regression-on-SOC/solution1/.autopilot/db/global.setting.tcl 
Execute       source D:/Aeld_data/IP_Creation/Linear-regression-on-SOC/Linear-regression-on-SOC/solution1/.autopilot/db/linear_regression.compgen.tcl 
Execute         ap_part_info -name xc7z020-clg484-1 -data names -quiet 
Execute         ap_part_info -name xc7z020-clg484-1 -data info -quiet 
Execute         ap_part_info -name xc7z020-clg484-1 -data names -quiet 
Execute         ap_part_info -name xc7z020-clg484-1 -data info -quiet 
Execute         ap_part_info -name xc7z020-clg484-1 -data names -quiet 
Execute         ap_part_info -name xc7z020-clg484-1 -data info -quiet 
Execute         ap_part_info -name xc7z020-clg484-1 -data names -quiet 
Execute         ap_part_info -name xc7z020-clg484-1 -data info -quiet 
Execute         ap_part_info -name xc7z020-clg484-1 -data names -quiet 
Execute         ap_part_info -name xc7z020-clg484-1 -data info -quiet 
Execute         ap_part_info -name xc7z020-clg484-1 -data names -quiet 
Execute         ap_part_info -name xc7z020-clg484-1 -data info -quiet 
Execute       ap_part_info -name xc7z020-clg484-1 -data names -quiet 
Execute       ap_part_info -name xc7z020-clg484-1 -data info -quiet 
INFO-FLOW: DBG:CMD:       generate_ip_cores sim=0 export=0 expOnly=0 dstVlogDir=impl/.pcores/verilog_sim
Execute       source D:/Aeld_data/IP_Creation/Linear-regression-on-SOC/Linear-regression-on-SOC/solution1/.autopilot/db/global.setting.tcl 
Execute       source D:/Aeld_data/IP_Creation/Linear-regression-on-SOC/Linear-regression-on-SOC/solution1/.autopilot/db/linear_regression.compgen.tcl 
Execute       ap_part_info -name xc7z020-clg484-1 -data names -quiet 
Execute       ap_part_info -name xc7z020-clg484-1 -data info -quiet 
Execute       ap_part_info -name xc7z020-clg484-1 -data names -quiet 
Execute       ap_part_info -name xc7z020-clg484-1 -data info -quiet 
Execute       source D:/Aeld_data/IP_Creation/Linear-regression-on-SOC/Linear-regression-on-SOC/solution1/.autopilot/db/global.setting.tcl 
Execute       ap_part_info -name xc7z020-clg484-1 -data names -quiet 
Execute       ap_part_info -name xc7z020-clg484-1 -data info -quiet 
Execute       source D:/Aeld_data/IP_Creation/Linear-regression-on-SOC/Linear-regression-on-SOC/solution1/.autopilot/db/linear_regression.constraint.tcl 
Execute       source D:/Aeld_data/IP_Creation/Linear-regression-on-SOC/Linear-regression-on-SOC/solution1/.autopilot/db/linear_regression.tbgen.tcl 
INFO-FLOW: DBG:CMD:       hasPcoreIpAdapter=false #gSsdmPorts=0
INFO-FLOW: DBG:CMD: Skipping loadAnalyze_DB, #g_database=3
INFO-FLOW: DBG:CMD:       generate_json is_phase_csynth=1 g_has_adaptors=false generate_bd_files=0 #modelList=9 #gSsdmPorts=0
Execute       source D:/Xilinx/Vivado/2019.1/tps/tcl/tcllib1.11.1/fileutil/fileutil.tcl 
Execute       source D:/Aeld_data/IP_Creation/Linear-regression-on-SOC/Linear-regression-on-SOC/solution1/.autopilot/db/global.setting.tcl 
Execute       source D:/Aeld_data/IP_Creation/Linear-regression-on-SOC/Linear-regression-on-SOC/solution1/.autopilot/db/global.setting.tcl 
Execute       get_config_export -xo 
Execute       source D:/Aeld_data/IP_Creation/Linear-regression-on-SOC/Linear-regression-on-SOC/solution1/.autopilot/db/linear_regression.tbgen.tcl 
Execute       source D:/Aeld_data/IP_Creation/Linear-regression-on-SOC/Linear-regression-on-SOC/solution1/.autopilot/db/linear_regression.compgen.dataonly.tcl 
Execute       source D:/Aeld_data/IP_Creation/Linear-regression-on-SOC/Linear-regression-on-SOC/solution1/.autopilot/db/linear_regression.compgen.dataonly.tcl 
Execute       source D:/Aeld_data/IP_Creation/Linear-regression-on-SOC/Linear-regression-on-SOC/solution1/.autopilot/db/linear_regression.tbgen.tcl 
Execute       source D:/Aeld_data/IP_Creation/Linear-regression-on-SOC/Linear-regression-on-SOC/solution1/.autopilot/db/global.setting.tcl 
Execute       get_config_sdx -target 
Execute       source D:/Aeld_data/IP_Creation/Linear-regression-on-SOC/Linear-regression-on-SOC/solution1/.autopilot/db/linear_regression.rtl_wrap.cfg.tcl 
Execute       source D:/Aeld_data/IP_Creation/Linear-regression-on-SOC/Linear-regression-on-SOC/solution1/.autopilot/db/linear_regression.compgen.dataonly.tcl 
Execute       source D:/Aeld_data/IP_Creation/Linear-regression-on-SOC/Linear-regression-on-SOC/solution1/.autopilot/db/global.setting.tcl 
Execute       ap_part_info -name xc7z020-clg484-1 -data names -quiet 
Execute       ap_part_info -name xc7z020-clg484-1 -data info -quiet 
Execute       source D:/Aeld_data/IP_Creation/Linear-regression-on-SOC/Linear-regression-on-SOC/solution1/.autopilot/db/linear_regression.constraint.tcl 
Execute       sc_get_clocks linear_regression 
Execute       ap_part_info -name xc7z020-clg484-1 -data names -quiet 
Execute       ap_part_info -name xc7z020-clg484-1 -data info -quiet 
Execute       source D:/Aeld_data/IP_Creation/Linear-regression-on-SOC/Linear-regression-on-SOC/solution1/.autopilot/db/global.setting.tcl 
Execute       get_config_debug -directory 
Execute       source D:/Aeld_data/IP_Creation/Linear-regression-on-SOC/Linear-regression-on-SOC/solution1/impl/misc/linear_regression_ap_fadd_3_full_dsp_32_ip.tcl 
Execute       source D:/Aeld_data/IP_Creation/Linear-regression-on-SOC/Linear-regression-on-SOC/solution1/impl/misc/linear_regression_ap_faddfsub_3_full_dsp_32_ip.tcl 
Execute       source D:/Aeld_data/IP_Creation/Linear-regression-on-SOC/Linear-regression-on-SOC/solution1/impl/misc/linear_regression_ap_fmul_2_max_dsp_32_ip.tcl 
Execute       source D:/Aeld_data/IP_Creation/Linear-regression-on-SOC/Linear-regression-on-SOC/solution1/.autopilot/db/linear_regression.tbgen.tcl 
Execute       get_config_sdx -target 
Execute       get_config_sdx -profile 
Execute       get_config_rtl -kernel_profile 
Execute       get_config_rtl -stall_sig_gen 
Execute       get_config_rtl -profile 
INFO-FLOW: DBG:CMD: add_json_sdx_info kernel file does not exist, skipping opencl info: D:/Aeld_data/IP_Creation/Linear-regression-on-SOC/Linear-regression-on-SOC/solution1/.autopilot/db/kernel.internal.xml
INFO-FLOW: DBG:CMD:       delete-temp-dirs (skipped for debug)
INFO: [HLS 200-111] Finished generating all RTL models Time (s): cpu = 00:00:04 ; elapsed = 00:01:04 . Memory (MB): peak = 183.879 ; gain = 93.723
INFO: [VHDL 208-304] Generating VHDL RTL for linear_regression.
INFO: [VLOG 209-307] Generating Verilog RTL for linear_regression.
Command     autosyn done; 7.538 sec.
Command   csynth_design done; 62.639 sec.
Command ap_source done; 63.778 sec.
Execute cleanup_all 
